[debug] [2019-09-14T09:43:12.842Z] ----------------------------------------------------------------------
[debug] [2019-09-14T09:43:12.845Z] Command:       C:\Users\029705\DOWNLO~1\firebase-tools-instant-win.exe C:\Users\029705\.cache\firebase\tools\lib\node_modules\firebase-tools\lib\bin\firebase init
[debug] [2019-09-14T09:43:12.845Z] CLI Version:   7.3.2
[debug] [2019-09-14T09:43:12.845Z] Platform:      win32
[debug] [2019-09-14T09:43:12.845Z] Node Version:  v8.16.0
[debug] [2019-09-14T09:43:12.846Z] Time:          Sat Sep 14 2019 16:43:12 GMT+0700 (SE Asia Standard Time)
[debug] [2019-09-14T09:43:12.846Z] ----------------------------------------------------------------------
[debug] 
[debug] [2019-09-14T09:43:12.851Z] > command requires scopes: ["email","openid","https://www.googleapis.com/auth/cloudplatformprojects.readonly","https://www.googleapis.com/auth/firebase","https://www.googleapis.com/auth/cloud-platform"]
[debug] [2019-09-14T09:43:12.852Z] > authorizing via signed-in user
[info] 
     ######## #### ########  ######## ########     ###     ######  ########
     ##        ##  ##     ## ##       ##     ##  ##   ##  ##       ##
     ######    ##  ########  ######   ########  #########  ######  ######
     ##        ##  ##    ##  ##       ##     ## ##     ##       ## ##
     ##       #### ##     ## ######## ########  ##     ##  ######  ########

You're about to initialize a Firebase project in this directory:

  D:\Quang\Javascript\my-personal-page

Before we get started, keep in mind:

  * You are initializing in an existing Firebase project directory

